Using pre-set license
Built from '2022.3/staging' branch; Version is '2022.3.10f1 (ff3792e53c62) revision 16725906'; Using compiler version '192829333'; Build Type 'Release'
OS: 'Windows 10  (10.0.19045) 64bit Professional' Language: 'en' Physical Memory: 8011 MB
BatchMode: 1, IsHumanControllingUs: 0, StartBugReporterOnCrash: 0, Is64bit: 1, IsPro: 1

COMMAND LINE ARGUMENTS:
C:\Program Files\Unity\Hub\Editor\2022.3.10f1\Editor\Unity.exe
-adb2
-batchMode
-noUpm
-name
AssetImportWorker0
-projectPath
C:/Users/Hank/Runner
-logFile
Logs/AssetImportWorker0.log
-srvPort
51385
Successfully changed project path to: C:/Users/Hank/Runner
C:/Users/Hank/Runner
[UnityMemory] Configuration Parameters - Can be set up in boot.config
    "memorysetup-bucket-allocator-granularity=16"
    "memorysetup-bucket-allocator-bucket-count=8"
    "memorysetup-bucket-allocator-block-size=33554432"
    "memorysetup-bucket-allocator-block-count=8"
    "memorysetup-main-allocator-block-size=16777216"
    "memorysetup-thread-allocator-block-size=16777216"
    "memorysetup-gfx-main-allocator-block-size=16777216"
    "memorysetup-gfx-thread-allocator-block-size=16777216"
    "memorysetup-cache-allocator-block-size=4194304"
    "memorysetup-typetree-allocator-block-size=2097152"
    "memorysetup-profiler-bucket-allocator-granularity=16"
    "memorysetup-profiler-bucket-allocator-bucket-count=8"
    "memorysetup-profiler-bucket-allocator-block-size=33554432"
    "memorysetup-profiler-bucket-allocator-block-count=8"
    "memorysetup-profiler-allocator-block-size=16777216"
    "memorysetup-profiler-editor-allocator-block-size=1048576"
    "memorysetup-temp-allocator-size-main=16777216"
    "memorysetup-job-temp-allocator-block-size=2097152"
    "memorysetup-job-temp-allocator-block-size-background=1048576"
    "memorysetup-job-temp-allocator-reduction-small-platforms=262144"
    "memorysetup-allocator-temp-initial-block-size-main=262144"
    "memorysetup-allocator-temp-initial-block-size-worker=262144"
    "memorysetup-temp-allocator-size-background-worker=32768"
    "memorysetup-temp-allocator-size-job-worker=262144"
    "memorysetup-temp-allocator-size-preload-manager=33554432"
    "memorysetup-temp-allocator-size-nav-mesh-worker=65536"
    "memorysetup-temp-allocator-size-audio-worker=65536"
    "memorysetup-temp-allocator-size-cloud-worker=32768"
    "memorysetup-temp-allocator-size-gi-baking-worker=262144"
    "memorysetup-temp-allocator-size-gfx=262144"
Player connection [19268] Host "[IP] 192.168.10.9 [Port] 0 [Flags] 2 [Guid] 1784733704 [EditorId] 1784733704 [Version] 1048832 [Id] WindowsEditor(7,DESKTOP-AD6V0J6) [Debug] 1 [PackageName] WindowsEditor [ProjectName] Editor" joined multi-casting on [225.0.0.222:54997]...

Player connection [19268] Host "[IP] 192.168.10.9 [Port] 0 [Flags] 2 [Guid] 1784733704 [EditorId] 1784733704 [Version] 1048832 [Id] WindowsEditor(7,DESKTOP-AD6V0J6) [Debug] 1 [PackageName] WindowsEditor [ProjectName] Editor" joined alternative multi-casting on [225.0.0.222:34997]...

[Physics::Module] Initialized MultithreadedJobDispatcher with 3 workers.
Refreshing native plugins compatible for Editor in 58.38 ms, found 3 plugins.
Preloading 0 native plugins for Editor in 0.00 ms.
Initialize engine version: 2022.3.10f1 (ff3792e53c62)
[Subsystems] Discovering subsystems at path C:/Program Files/Unity/Hub/Editor/2022.3.10f1/Editor/Data/Resources/UnitySubsystems
[Subsystems] Discovering subsystems at path C:/Users/Hank/Runner/Assets
GfxDevice: creating device client; threaded=0; jobified=0
Direct3D:
    Version:  Direct3D 11.0 [level 11.0]
    Renderer: NVIDIA GeForce GTX 960M (ID=0x139b)
    Vendor:   NVIDIA
    VRAM:     2008 MB
    Driver:   31.0.15.3742
Initialize mono
Mono path[0] = 'C:/Program Files/Unity/Hub/Editor/2022.3.10f1/Editor/Data/Managed'
Mono path[1] = 'C:/Program Files/Unity/Hub/Editor/2022.3.10f1/Editor/Data/MonoBleedingEdge/lib/mono/unityjit-win32'
Mono config path = 'C:/Program Files/Unity/Hub/Editor/2022.3.10f1/Editor/Data/MonoBleedingEdge/etc'
Using monoOptions --debugger-agent=transport=dt_socket,embedding=1,server=y,suspend=n,address=127.0.0.1:56032
Begin MonoManager ReloadAssembly
Registering precompiled unity dll's ...
Register platform support module: C:/Program Files/Unity/Hub/Editor/2022.3.10f1/Editor/Data/PlaybackEngines/WebGLSupport/UnityEditor.WebGL.Extensions.dll
Register platform support module: C:/Program Files/Unity/Hub/Editor/2022.3.10f1/Editor/Data/PlaybackEngines/WindowsStandaloneSupport/UnityEditor.WindowsStandalone.Extensions.dll
Registered in 0.024262 seconds.
- Loaded All Assemblies, in  0.867 seconds
Native extension for WindowsStandalone target not found
Native extension for WebGL target not found
Mono: successfully reloaded assembly
- Finished resetting the current domain, in  0.647 seconds
Domain Reload Profiling: 1512ms
	BeginReloadAssembly (281ms)
		ExecutionOrderSort (0ms)
		DisableScriptedObjects (0ms)
		BackupInstance (0ms)
		ReleaseScriptingObjects (0ms)
		CreateAndSetChildDomain (1ms)
	RebuildCommonClasses (86ms)
	RebuildNativeTypeToScriptingClass (27ms)
	initialDomainReloadingComplete (134ms)
	LoadAllAssembliesAndSetupDomain (335ms)
		LoadAssemblies (277ms)
		RebuildTransferFunctionScriptingTraits (0ms)
		AnalyzeDomain (331ms)
			TypeCache.Refresh (329ms)
				TypeCache.ScanAssembly (296ms)
			ScanForSourceGeneratedMonoScriptInfo (1ms)
			ResolveRequiredComponents (1ms)
	FinalizeReload (648ms)
		ReleaseScriptCaches (0ms)
		RebuildScriptCaches (0ms)
		SetupLoadedEditorAssemblies (512ms)
			LogAssemblyErrors (0ms)
			InitializePlatformSupportModulesInManaged (29ms)
			SetLoadedEditorAssemblies (13ms)
			RefreshPlugins (0ms)
			BeforeProcessingInitializeOnLoad (5ms)
			ProcessInitializeOnLoadAttributes (334ms)
			ProcessInitializeOnLoadMethodAttributes (131ms)
			AfterProcessingInitializeOnLoad (0ms)
			EditorAssembliesLoaded (1ms)
		ExecutionOrderSort2 (0ms)
		AwakeInstancesAfterBackupRestoration (0ms)
========================================================================
Worker process is ready to serve import requests
Begin MonoManager ReloadAssembly
- Loaded All Assemblies, in  2.010 seconds
Refreshing native plugins compatible for Editor in 5.26 ms, found 3 plugins.
Native extension for WindowsStandalone target not found
Native extension for WebGL target not found
Package Manager log level set to [2]
[Package Manager] Server::EnsureServerProcessIsRunning -- launch failed, reason: Unity was launched with the -noUpm command-line argument
[Package Manager] UpmClient::Send -- Unable to send message (not connected to UPM process).
[Package Manager] Cannot connect to Unity Package Manager local server
Mono: successfully reloaded assembly
- Finished resetting the current domain, in  1.245 seconds
Domain Reload Profiling: 3250ms
	BeginReloadAssembly (497ms)
		ExecutionOrderSort (0ms)
		DisableScriptedObjects (11ms)
		BackupInstance (0ms)
		ReleaseScriptingObjects (2ms)
		CreateAndSetChildDomain (95ms)
	RebuildCommonClasses (105ms)
	RebuildNativeTypeToScriptingClass (46ms)
	initialDomainReloadingComplete (139ms)
	LoadAllAssembliesAndSetupDomain (1217ms)
		LoadAssemblies (952ms)
		RebuildTransferFunctionScriptingTraits (0ms)
		AnalyzeDomain (539ms)
			TypeCache.Refresh (497ms)
				TypeCache.ScanAssembly (461ms)
			ScanForSourceGeneratedMonoScriptInfo (31ms)
			ResolveRequiredComponents (9ms)
	FinalizeReload (1246ms)
		ReleaseScriptCaches (0ms)
		RebuildScriptCaches (0ms)
		SetupLoadedEditorAssemblies (891ms)
			LogAssemblyErrors (0ms)
			InitializePlatformSupportModulesInManaged (16ms)
			SetLoadedEditorAssemblies (9ms)
			RefreshPlugins (0ms)
			BeforeProcessingInitializeOnLoad (125ms)
			ProcessInitializeOnLoadAttributes (677ms)
			ProcessInitializeOnLoadMethodAttributes (49ms)
			AfterProcessingInitializeOnLoad (14ms)
			EditorAssembliesLoaded (1ms)
		ExecutionOrderSort2 (0ms)
		AwakeInstancesAfterBackupRestoration (15ms)
Launched and connected shader compiler UnityShaderCompiler.exe after 0.13 seconds
Refreshing native plugins compatible for Editor in 5.44 ms, found 3 plugins.
Preloading 0 native plugins for Editor in 0.00 ms.
Unloading 3086 Unused Serialized files (Serialized files now loaded: 0)
Unloading 31 unused Assets / (56.5 KB). Loaded Objects now: 3549.
Memory consumption went from 118.2 MB to 118.2 MB.
Total: 5.761500 ms (FindLiveObjects: 0.631800 ms CreateObjectMapping: 0.525100 ms MarkObjects: 4.158300 ms  DeleteObjects: 0.443400 ms)

AssetImportParameters requested are different than current active one (requested -> active):
  custom:container-demuxer-ogg: 62fdf1f143b41e24485cea50d1cbac27 -> 
  custom:video-decoder-ogg-theora: a1e56fd34408186e4bbccfd4996cb3dc -> 
  custom:framework-win-MediaFoundation: 216162199b28c13a410421893ffa2e32 -> 
  custom:CustomObjectIndexerAttribute: 756ad292c208cfabdd7b50bc23989ffe -> 
  custom:container-demuxer-webm: 4f35f7cbe854078d1ac9338744f61a02 -> 
  custom:container-muxer-webm: aa71ff27fc2769a1b78a27578f13a17b -> 
  custom:video-decoder-webm-vp8: 9c59270c3fd7afecdb556c50c9e8de78 -> 
  custom:SearchIndexIgnoredProperties: e643bd26f0fe6173181afceb89e7c659 -> 
  custom:AudioImporter_EditorPlatform: d09bf68614088b80899f8185d706f6e7 -> 
  custom:video-encoder-webm-vp8: eb34c28f22e8b96e1ab97ce403110664 -> 
  custom:audio-decoder-ogg-vorbis: bf7c407c2cedff20999df2af8eb42d56 -> 
  custom:audio-encoder-webm-vorbis: bf7c407c2cedff20999df2af8eb42d56 -> 
========================================================================
Received Import Request.
  Time since last request: 25204.045346 seconds.
  path: Assets/CameraScript.cs
  artifactKey: Guid(44b5414bb65c8a84c8f35eda0377d51e) Importer(815301076,1909f56bfc062723c751e8b465ee728b)
Start importing Assets/CameraScript.cs using Guid(44b5414bb65c8a84c8f35eda0377d51e) Importer(815301076,1909f56bfc062723c751e8b465ee728b)  -> (artifact id: '00000000000000000000000000000000') in 0.005020 seconds
Import Error Code:(4)
Message: Build asset version error: assets/camerascript.cs in SourceAssetDB has modification time of '2023-10-12T14:02:46.7772544Z' while content on disk has modification time of '2023-10-12T14:58:02.4668344Z'
  ERROR: Build asset version error: assets/camerascript.cs in SourceAssetDB has modification time of '2023-10-12T14:02:46.7772544Z' while content on disk has modification time of '2023-10-12T14:58:02.4668344Z'
Number of updated asset objects reloaded before import = 0
Number of asset objects unloaded after import = 0
========================================================================
Received Import Request.
  Time since last request: 0.021387 seconds.
  path: Assets/CameraScript.cs
  artifactKey: Guid(44b5414bb65c8a84c8f35eda0377d51e) Importer(815301076,1909f56bfc062723c751e8b465ee728b)
Start importing Assets/CameraScript.cs using Guid(44b5414bb65c8a84c8f35eda0377d51e) Importer(815301076,1909f56bfc062723c751e8b465ee728b)  -> (artifact id: '00000000000000000000000000000000') in 0.000684 seconds
Import Error Code:(4)
Message: Build asset version error: assets/camerascript.cs in SourceAssetDB has modification time of '2023-10-12T14:02:46.7772544Z' while content on disk has modification time of '2023-10-12T14:58:02.4668344Z'
  ERROR: Build asset version error: assets/camerascript.cs in SourceAssetDB has modification time of '2023-10-12T14:02:46.7772544Z' while content on disk has modification time of '2023-10-12T14:58:02.4668344Z'
Number of updated asset objects reloaded before import = 0
Number of asset objects unloaded after import = 0
========================================================================
Received Import Request.
  Time since last request: 0.033801 seconds.
  path: Assets/CameraScript.cs
  artifactKey: Guid(44b5414bb65c8a84c8f35eda0377d51e) Importer(815301076,1909f56bfc062723c751e8b465ee728b)
Start importing Assets/CameraScript.cs using Guid(44b5414bb65c8a84c8f35eda0377d51e) Importer(815301076,1909f56bfc062723c751e8b465ee728b)  -> (artifact id: '00000000000000000000000000000000') in 0.000798 seconds
Import Error Code:(4)
Message: Build asset version error: assets/camerascript.cs in SourceAssetDB has modification time of '2023-10-12T14:02:46.7772544Z' while content on disk has modification time of '2023-10-12T14:58:02.4668344Z'
  ERROR: Build asset version error: assets/camerascript.cs in SourceAssetDB has modification time of '2023-10-12T14:02:46.7772544Z' while content on disk has modification time of '2023-10-12T14:58:02.4668344Z'
Number of updated asset objects reloaded before import = 0
Number of asset objects unloaded after import = 0
========================================================================
Received Import Request.
  Time since last request: 0.027258 seconds.
  path: Assets/CameraScript.cs
  artifactKey: Guid(44b5414bb65c8a84c8f35eda0377d51e) Importer(815301076,1909f56bfc062723c751e8b465ee728b)
Start importing Assets/CameraScript.cs using Guid(44b5414bb65c8a84c8f35eda0377d51e) Importer(815301076,1909f56bfc062723c751e8b465ee728b)  -> (artifact id: '00000000000000000000000000000000') in 0.000695 seconds
Import Error Code:(4)
Message: Build asset version error: assets/camerascript.cs in SourceAssetDB has modification time of '2023-10-12T14:02:46.7772544Z' while content on disk has modification time of '2023-10-12T14:58:02.4668344Z'
  ERROR: Build asset version error: assets/camerascript.cs in SourceAssetDB has modification time of '2023-10-12T14:02:46.7772544Z' while content on disk has modification time of '2023-10-12T14:58:02.4668344Z'
Number of updated asset objects reloaded before import = 0
Number of asset objects unloaded after import = 0
========================================================================
Received Import Request.
  Time since last request: 0.030529 seconds.
  path: Assets/CameraScript.cs
  artifactKey: Guid(44b5414bb65c8a84c8f35eda0377d51e) Importer(815301076,1909f56bfc062723c751e8b465ee728b)
Start importing Assets/CameraScript.cs using Guid(44b5414bb65c8a84c8f35eda0377d51e) Importer(815301076,1909f56bfc062723c751e8b465ee728b)  -> (artifact id: '00000000000000000000000000000000') in 0.000756 seconds
Import Error Code:(4)
Message: Build asset version error: assets/camerascript.cs in SourceAssetDB has modification time of '2023-10-12T14:02:46.7772544Z' while content on disk has modification time of '2023-10-12T14:58:02.4668344Z'
  ERROR: Build asset version error: assets/camerascript.cs in SourceAssetDB has modification time of '2023-10-12T14:02:46.7772544Z' while content on disk has modification time of '2023-10-12T14:58:02.4668344Z'
Number of updated asset objects reloaded before import = 0
Number of asset objects unloaded after import = 0
========================================================================
Received Import Request.
  Time since last request: 0.028372 seconds.
  path: Assets/CameraScript.cs
  artifactKey: Guid(44b5414bb65c8a84c8f35eda0377d51e) Importer(815301076,1909f56bfc062723c751e8b465ee728b)
Start importing Assets/CameraScript.cs using Guid(44b5414bb65c8a84c8f35eda0377d51e) Importer(815301076,1909f56bfc062723c751e8b465ee728b)  -> (artifact id: '00000000000000000000000000000000') in 0.000953 seconds
Import Error Code:(4)
Message: Build asset version error: assets/camerascript.cs in SourceAssetDB has modification time of '2023-10-12T14:02:46.7772544Z' while content on disk has modification time of '2023-10-12T14:58:02.4668344Z'
  ERROR: Build asset version error: assets/camerascript.cs in SourceAssetDB has modification time of '2023-10-12T14:02:46.7772544Z' while content on disk has modification time of '2023-10-12T14:58:02.4668344Z'
Number of updated asset objects reloaded before import = 0
Number of asset objects unloaded after import = 0
========================================================================
Received Import Request.
  Time since last request: 0.026977 seconds.
  path: Assets/CameraScript.cs
  artifactKey: Guid(44b5414bb65c8a84c8f35eda0377d51e) Importer(815301076,1909f56bfc062723c751e8b465ee728b)
Start importing Assets/CameraScript.cs using Guid(44b5414bb65c8a84c8f35eda0377d51e) Importer(815301076,1909f56bfc062723c751e8b465ee728b)  -> (artifact id: '00000000000000000000000000000000') in 0.000797 seconds
Import Error Code:(4)
Message: Build asset version error: assets/camerascript.cs in SourceAssetDB has modification time of '2023-10-12T14:02:46.7772544Z' while content on disk has modification time of '2023-10-12T14:58:02.4668344Z'
  ERROR: Build asset version error: assets/camerascript.cs in SourceAssetDB has modification time of '2023-10-12T14:02:46.7772544Z' while content on disk has modification time of '2023-10-12T14:58:02.4668344Z'
Number of updated asset objects reloaded before import = 0
Number of asset objects unloaded after import = 0
========================================================================
Received Import Request.
  Time since last request: 0.026962 seconds.
  path: Assets/CameraScript.cs
  artifactKey: Guid(44b5414bb65c8a84c8f35eda0377d51e) Importer(815301076,1909f56bfc062723c751e8b465ee728b)
Start importing Assets/CameraScript.cs using Guid(44b5414bb65c8a84c8f35eda0377d51e) Importer(815301076,1909f56bfc062723c751e8b465ee728b)  -> (artifact id: '00000000000000000000000000000000') in 0.000839 seconds
Import Error Code:(4)
Message: Build asset version error: assets/camerascript.cs in SourceAssetDB has modification time of '2023-10-12T14:02:46.7772544Z' while content on disk has modification time of '2023-10-12T14:58:02.4668344Z'
  ERROR: Build asset version error: assets/camerascript.cs in SourceAssetDB has modification time of '2023-10-12T14:02:46.7772544Z' while content on disk has modification time of '2023-10-12T14:58:02.4668344Z'
Number of updated asset objects reloaded before import = 0
Number of asset objects unloaded after import = 0
========================================================================
Received Import Request.
  Time since last request: 0.027642 seconds.
  path: Assets/CameraScript.cs
  artifactKey: Guid(44b5414bb65c8a84c8f35eda0377d51e) Importer(815301076,1909f56bfc062723c751e8b465ee728b)
Start importing Assets/CameraScript.cs using Guid(44b5414bb65c8a84c8f35eda0377d51e) Importer(815301076,1909f56bfc062723c751e8b465ee728b)  -> (artifact id: '00000000000000000000000000000000') in 0.001075 seconds
Import Error Code:(4)
Message: Build asset version error: assets/camerascript.cs in SourceAssetDB has modification time of '2023-10-12T14:02:46.7772544Z' while content on disk has modification time of '2023-10-12T14:58:02.4668344Z'
  ERROR: Build asset version error: assets/camerascript.cs in SourceAssetDB has modification time of '2023-10-12T14:02:46.7772544Z' while content on disk has modification time of '2023-10-12T14:58:02.4668344Z'
Number of updated asset objects reloaded before import = 0
Number of asset objects unloaded after import = 0
========================================================================
Received Import Request.
  Time since last request: 0.027361 seconds.
  path: Assets/CameraScript.cs
  artifactKey: Guid(44b5414bb65c8a84c8f35eda0377d51e) Importer(815301076,1909f56bfc062723c751e8b465ee728b)
Start importing Assets/CameraScript.cs using Guid(44b5414bb65c8a84c8f35eda0377d51e) Importer(815301076,1909f56bfc062723c751e8b465ee728b)  -> (artifact id: '00000000000000000000000000000000') in 0.005831 seconds
Import Error Code:(4)
Message: Build asset version error: assets/camerascript.cs in SourceAssetDB has modification time of '2023-10-12T14:02:46.7772544Z' while content on disk has modification time of '2023-10-12T14:58:02.4668344Z'
  ERROR: Build asset version error: assets/camerascript.cs in SourceAssetDB has modification time of '2023-10-12T14:02:46.7772544Z' while content on disk has modification time of '2023-10-12T14:58:02.4668344Z'
Number of updated asset objects reloaded before import = 0
Number of asset objects unloaded after import = 0
========================================================================
Received Import Request.
  Time since last request: 0.022578 seconds.
  path: Assets/CameraScript.cs
  artifactKey: Guid(44b5414bb65c8a84c8f35eda0377d51e) Importer(815301076,1909f56bfc062723c751e8b465ee728b)
Start importing Assets/CameraScript.cs using Guid(44b5414bb65c8a84c8f35eda0377d51e) Importer(815301076,1909f56bfc062723c751e8b465ee728b)  -> (artifact id: '00000000000000000000000000000000') in 0.000764 seconds
Import Error Code:(4)
Message: Build asset version error: assets/camerascript.cs in SourceAssetDB has modification time of '2023-10-12T14:02:46.7772544Z' while content on disk has modification time of '2023-10-12T14:58:02.4668344Z'
  ERROR: Build asset version error: assets/camerascript.cs in SourceAssetDB has modification time of '2023-10-12T14:02:46.7772544Z' while content on disk has modification time of '2023-10-12T14:58:02.4668344Z'
Number of updated asset objects reloaded before import = 0
Number of asset objects unloaded after import = 0
========================================================================
Received Import Request.
  Time since last request: 0.028684 seconds.
  path: Assets/CameraScript.cs
  artifactKey: Guid(44b5414bb65c8a84c8f35eda0377d51e) Importer(815301076,1909f56bfc062723c751e8b465ee728b)
Start importing Assets/CameraScript.cs using Guid(44b5414bb65c8a84c8f35eda0377d51e) Importer(815301076,1909f56bfc062723c751e8b465ee728b)  -> (artifact id: '00000000000000000000000000000000') in 0.000764 seconds
Import Error Code:(4)
Message: Build asset version error: assets/camerascript.cs in SourceAssetDB has modification time of '2023-10-12T14:02:46.7772544Z' while content on disk has modification time of '2023-10-12T14:58:02.4668344Z'
  ERROR: Build asset version error: assets/camerascript.cs in SourceAssetDB has modification time of '2023-10-12T14:02:46.7772544Z' while content on disk has modification time of '2023-10-12T14:58:02.4668344Z'
Number of updated asset objects reloaded before import = 0
Number of asset objects unloaded after import = 0
========================================================================
Received Import Request.
  Time since last request: 0.028657 seconds.
  path: Assets/CameraScript.cs
  artifactKey: Guid(44b5414bb65c8a84c8f35eda0377d51e) Importer(815301076,1909f56bfc062723c751e8b465ee728b)
Start importing Assets/CameraScript.cs using Guid(44b5414bb65c8a84c8f35eda0377d51e) Importer(815301076,1909f56bfc062723c751e8b465ee728b)  -> (artifact id: '00000000000000000000000000000000') in 0.000772 seconds
Import Error Code:(4)
Message: Build asset version error: assets/camerascript.cs in SourceAssetDB has modification time of '2023-10-12T14:02:46.7772544Z' while content on disk has modification time of '2023-10-12T14:58:02.4668344Z'
  ERROR: Build asset version error: assets/camerascript.cs in SourceAssetDB has modification time of '2023-10-12T14:02:46.7772544Z' while content on disk has modification time of '2023-10-12T14:58:02.4668344Z'
Number of updated asset objects reloaded before import = 0
Number of asset objects unloaded after import = 0
========================================================================
Received Import Request.
  Time since last request: 0.027544 seconds.
  path: Assets/CameraScript.cs
  artifactKey: Guid(44b5414bb65c8a84c8f35eda0377d51e) Importer(815301076,1909f56bfc062723c751e8b465ee728b)
Start importing Assets/CameraScript.cs using Guid(44b5414bb65c8a84c8f35eda0377d51e) Importer(815301076,1909f56bfc062723c751e8b465ee728b)  -> (artifact id: '00000000000000000000000000000000') in 0.001755 seconds
Import Error Code:(4)
Message: Build asset version error: assets/camerascript.cs in SourceAssetDB has modification time of '2023-10-12T14:02:46.7772544Z' while content on disk has modification time of '2023-10-12T14:58:02.4668344Z'
  ERROR: Build asset version error: assets/camerascript.cs in SourceAssetDB has modification time of '2023-10-12T14:02:46.7772544Z' while content on disk has modification time of '2023-10-12T14:58:02.4668344Z'
Number of updated asset objects reloaded before import = 0
Number of asset objects unloaded after import = 0
========================================================================
Received Import Request.
  Time since last request: 0.027558 seconds.
  path: Assets/CameraScript.cs
  artifactKey: Guid(44b5414bb65c8a84c8f35eda0377d51e) Importer(815301076,1909f56bfc062723c751e8b465ee728b)
Start importing Assets/CameraScript.cs using Guid(44b5414bb65c8a84c8f35eda0377d51e) Importer(815301076,1909f56bfc062723c751e8b465ee728b)  -> (artifact id: '00000000000000000000000000000000') in 0.000776 seconds
Import Error Code:(4)
Message: Build asset version error: assets/camerascript.cs in SourceAssetDB has modification time of '2023-10-12T14:02:46.7772544Z' while content on disk has modification time of '2023-10-12T14:58:02.4668344Z'
  ERROR: Build asset version error: assets/camerascript.cs in SourceAssetDB has modification time of '2023-10-12T14:02:46.7772544Z' while content on disk has modification time of '2023-10-12T14:58:02.4668344Z'
Number of updated asset objects reloaded before import = 0
Number of asset objects unloaded after import = 0
========================================================================
Received Import Request.
  Time since last request: 0.028470 seconds.
  path: Assets/CameraScript.cs
  artifactKey: Guid(44b5414bb65c8a84c8f35eda0377d51e) Importer(815301076,1909f56bfc062723c751e8b465ee728b)
Start importing Assets/CameraScript.cs using Guid(44b5414bb65c8a84c8f35eda0377d51e) Importer(815301076,1909f56bfc062723c751e8b465ee728b)  -> (artifact id: '00000000000000000000000000000000') in 0.000742 seconds
Import Error Code:(4)
Message: Build asset version error: assets/camerascript.cs in SourceAssetDB has modification time of '2023-10-12T14:02:46.7772544Z' while content on disk has modification time of '2023-10-12T14:58:02.4668344Z'
  ERROR: Build asset version error: assets/camerascript.cs in SourceAssetDB has modification time of '2023-10-12T14:02:46.7772544Z' while content on disk has modification time of '2023-10-12T14:58:02.4668344Z'
Number of updated asset objects reloaded before import = 0
Number of asset objects unloaded after import = 0
========================================================================
Received Import Request.
  Time since last request: 0.031506 seconds.
  path: Assets/CameraScript.cs
  artifactKey: Guid(44b5414bb65c8a84c8f35eda0377d51e) Importer(815301076,1909f56bfc062723c751e8b465ee728b)
Start importing Assets/CameraScript.cs using Guid(44b5414bb65c8a84c8f35eda0377d51e) Importer(815301076,1909f56bfc062723c751e8b465ee728b)  -> (artifact id: '00000000000000000000000000000000') in 0.001019 seconds
Import Error Code:(4)
Message: Build asset version error: assets/camerascript.cs in SourceAssetDB has modification time of '2023-10-12T14:02:46.7772544Z' while content on disk has modification time of '2023-10-12T14:58:02.4668344Z'
  ERROR: Build asset version error: assets/camerascript.cs in SourceAssetDB has modification time of '2023-10-12T14:02:46.7772544Z' while content on disk has modification time of '2023-10-12T14:58:02.4668344Z'
Number of updated asset objects reloaded before import = 0
Number of asset objects unloaded after import = 0
========================================================================
Received Import Request.
  Time since last request: 0.031156 seconds.
  path: Assets/CameraScript.cs
  artifactKey: Guid(44b5414bb65c8a84c8f35eda0377d51e) Importer(815301076,1909f56bfc062723c751e8b465ee728b)
Start importing Assets/CameraScript.cs using Guid(44b5414bb65c8a84c8f35eda0377d51e) Importer(815301076,1909f56bfc062723c751e8b465ee728b)  -> (artifact id: '00000000000000000000000000000000') in 0.001440 seconds
Import Error Code:(4)
Message: Build asset version error: assets/camerascript.cs in SourceAssetDB has modification time of '2023-10-12T14:02:46.7772544Z' while content on disk has modification time of '2023-10-12T14:58:02.4668344Z'
  ERROR: Build asset version error: assets/camerascript.cs in SourceAssetDB has modification time of '2023-10-12T14:02:46.7772544Z' while content on disk has modification time of '2023-10-12T14:58:02.4668344Z'
Number of updated asset objects reloaded before import = 0
Number of asset objects unloaded after import = 0
========================================================================
Received Import Request.
  Time since last request: 0.020034 seconds.
  path: Assets/CameraScript.cs
  artifactKey: Guid(44b5414bb65c8a84c8f35eda0377d51e) Importer(815301076,1909f56bfc062723c751e8b465ee728b)
Start importing Assets/CameraScript.cs using Guid(44b5414bb65c8a84c8f35eda0377d51e) Importer(815301076,1909f56bfc062723c751e8b465ee728b)  -> (artifact id: '00000000000000000000000000000000') in 0.002902 seconds
Import Error Code:(4)
Message: Build asset version error: assets/camerascript.cs in SourceAssetDB has modification time of '2023-10-12T14:02:46.7772544Z' while content on disk has modification time of '2023-10-12T14:58:02.4668344Z'
  ERROR: Build asset version error: assets/camerascript.cs in SourceAssetDB has modification time of '2023-10-12T14:02:46.7772544Z' while content on disk has modification time of '2023-10-12T14:58:02.4668344Z'
Number of updated asset objects reloaded before import = 0
Number of asset objects unloaded after import = 0
========================================================================
Received Import Request.
  Time since last request: 0.028580 seconds.
  path: Assets/CameraScript.cs
  artifactKey: Guid(44b5414bb65c8a84c8f35eda0377d51e) Importer(815301076,1909f56bfc062723c751e8b465ee728b)
Start importing Assets/CameraScript.cs using Guid(44b5414bb65c8a84c8f35eda0377d51e) Importer(815301076,1909f56bfc062723c751e8b465ee728b)  -> (artifact id: '00000000000000000000000000000000') in 0.002895 seconds
Import Error Code:(4)
Message: Build asset version error: assets/camerascript.cs in SourceAssetDB has modification time of '2023-10-12T14:02:46.7772544Z' while content on disk has modification time of '2023-10-12T14:58:02.4668344Z'
  ERROR: Build asset version error: assets/camerascript.cs in SourceAssetDB has modification time of '2023-10-12T14:02:46.7772544Z' while content on disk has modification time of '2023-10-12T14:58:02.4668344Z'
Number of updated asset objects reloaded before import = 0
Number of asset objects unloaded after import = 0
========================================================================
Received Import Request.
  Time since last request: 0.035796 seconds.
  path: Assets/CameraScript.cs
  artifactKey: Guid(44b5414bb65c8a84c8f35eda0377d51e) Importer(815301076,1909f56bfc062723c751e8b465ee728b)
Start importing Assets/CameraScript.cs using Guid(44b5414bb65c8a84c8f35eda0377d51e) Importer(815301076,1909f56bfc062723c751e8b465ee728b)  -> (artifact id: '00000000000000000000000000000000') in 0.000674 seconds
Import Error Code:(4)
Message: Build asset version error: assets/camerascript.cs in SourceAssetDB has modification time of '2023-10-12T14:02:46.7772544Z' while content on disk has modification time of '2023-10-12T14:58:02.4668344Z'
  ERROR: Build asset version error: assets/camerascript.cs in SourceAssetDB has modification time of '2023-10-12T14:02:46.7772544Z' while content on disk has modification time of '2023-10-12T14:58:02.4668344Z'
Number of updated asset objects reloaded before import = 0
Number of asset objects unloaded after import = 0
========================================================================
Received Import Request.
  Time since last request: 0.018800 seconds.
  path: Assets/CameraScript.cs
  artifactKey: Guid(44b5414bb65c8a84c8f35eda0377d51e) Importer(815301076,1909f56bfc062723c751e8b465ee728b)
Start importing Assets/CameraScript.cs using Guid(44b5414bb65c8a84c8f35eda0377d51e) Importer(815301076,1909f56bfc062723c751e8b465ee728b)  -> (artifact id: '00000000000000000000000000000000') in 0.000989 seconds
Import Error Code:(4)
Message: Build asset version error: assets/camerascript.cs in SourceAssetDB has modification time of '2023-10-12T14:02:46.7772544Z' while content on disk has modification time of '2023-10-12T14:58:02.4668344Z'
  ERROR: Build asset version error: assets/camerascript.cs in SourceAssetDB has modification time of '2023-10-12T14:02:46.7772544Z' while content on disk has modification time of '2023-10-12T14:58:02.4668344Z'
Number of updated asset objects reloaded before import = 0
Number of asset objects unloaded after import = 0
========================================================================
Received Import Request.
  Time since last request: 0.030340 seconds.
  path: Assets/CameraScript.cs
  artifactKey: Guid(44b5414bb65c8a84c8f35eda0377d51e) Importer(815301076,1909f56bfc062723c751e8b465ee728b)
Start importing Assets/CameraScript.cs using Guid(44b5414bb65c8a84c8f35eda0377d51e) Importer(815301076,1909f56bfc062723c751e8b465ee728b)  -> (artifact id: '00000000000000000000000000000000') in 0.001482 seconds
Import Error Code:(4)
Message: Build asset version error: assets/camerascript.cs in SourceAssetDB has modification time of '2023-10-12T14:02:46.7772544Z' while content on disk has modification time of '2023-10-12T14:58:02.4668344Z'
  ERROR: Build asset version error: assets/camerascript.cs in SourceAssetDB has modification time of '2023-10-12T14:02:46.7772544Z' while content on disk has modification time of '2023-10-12T14:58:02.4668344Z'
Number of updated asset objects reloaded before import = 0
Number of asset objects unloaded after import = 0
========================================================================
Received Import Request.
  Time since last request: 0.024701 seconds.
  path: Assets/CameraScript.cs
  artifactKey: Guid(44b5414bb65c8a84c8f35eda0377d51e) Importer(815301076,1909f56bfc062723c751e8b465ee728b)
Start importing Assets/CameraScript.cs using Guid(44b5414bb65c8a84c8f35eda0377d51e) Importer(815301076,1909f56bfc062723c751e8b465ee728b)  -> (artifact id: '00000000000000000000000000000000') in 0.001758 seconds
Import Error Code:(4)
Message: Build asset version error: assets/camerascript.cs in SourceAssetDB has modification time of '2023-10-12T14:02:46.7772544Z' while content on disk has modification time of '2023-10-12T14:58:02.4668344Z'
  ERROR: Build asset version error: assets/camerascript.cs in SourceAssetDB has modification time of '2023-10-12T14:02:46.7772544Z' while content on disk has modification time of '2023-10-12T14:58:02.4668344Z'
Number of updated asset objects reloaded before import = 0
Number of asset objects unloaded after import = 0
========================================================================
Received Import Request.
  Time since last request: 0.024220 seconds.
  path: Assets/CameraScript.cs
  artifactKey: Guid(44b5414bb65c8a84c8f35eda0377d51e) Importer(815301076,1909f56bfc062723c751e8b465ee728b)
Start importing Assets/CameraScript.cs using Guid(44b5414bb65c8a84c8f35eda0377d51e) Importer(815301076,1909f56bfc062723c751e8b465ee728b)  -> (artifact id: '00000000000000000000000000000000') in 0.000965 seconds
Import Error Code:(4)
Message: Build asset version error: assets/camerascript.cs in SourceAssetDB has modification time of '2023-10-12T14:02:46.7772544Z' while content on disk has modification time of '2023-10-12T14:58:02.4668344Z'
  ERROR: Build asset version error: assets/camerascript.cs in SourceAssetDB has modification time of '2023-10-12T14:02:46.7772544Z' while content on disk has modification time of '2023-10-12T14:58:02.4668344Z'
Number of updated asset objects reloaded before import = 0
Number of asset objects unloaded after import = 0
========================================================================
Received Import Request.
  Time since last request: 0.026229 seconds.
  path: Assets/CameraScript.cs
  artifactKey: Guid(44b5414bb65c8a84c8f35eda0377d51e) Importer(815301076,1909f56bfc062723c751e8b465ee728b)
Start importing Assets/CameraScript.cs using Guid(44b5414bb65c8a84c8f35eda0377d51e) Importer(815301076,1909f56bfc062723c751e8b465ee728b)  -> (artifact id: '00000000000000000000000000000000') in 0.000726 seconds
Import Error Code:(4)
Message: Build asset version error: assets/camerascript.cs in SourceAssetDB has modification time of '2023-10-12T14:02:46.7772544Z' while content on disk has modification time of '2023-10-12T14:58:02.4668344Z'
  ERROR: Build asset version error: assets/camerascript.cs in SourceAssetDB has modification time of '2023-10-12T14:02:46.7772544Z' while content on disk has modification time of '2023-10-12T14:58:02.4668344Z'
Number of updated asset objects reloaded before import = 0
Number of asset objects unloaded after import = 0
========================================================================
Received Import Request.
  Time since last request: 0.026252 seconds.
  path: Assets/CameraScript.cs
  artifactKey: Guid(44b5414bb65c8a84c8f35eda0377d51e) Importer(815301076,1909f56bfc062723c751e8b465ee728b)
Start importing Assets/CameraScript.cs using Guid(44b5414bb65c8a84c8f35eda0377d51e) Importer(815301076,1909f56bfc062723c751e8b465ee728b)  -> (artifact id: '00000000000000000000000000000000') in 0.001282 seconds
Import Error Code:(4)
Message: Build asset version error: assets/camerascript.cs in SourceAssetDB has modification time of '2023-10-12T14:02:46.7772544Z' while content on disk has modification time of '2023-10-12T14:58:02.4668344Z'
  ERROR: Build asset version error: assets/camerascript.cs in SourceAssetDB has modification time of '2023-10-12T14:02:46.7772544Z' while content on disk has modification time of '2023-10-12T14:58:02.4668344Z'
Number of updated asset objects reloaded before import = 0
Number of asset objects unloaded after import = 0
========================================================================
Received Import Request.
  Time since last request: 0.026874 seconds.
  path: Assets/CameraScript.cs
  artifactKey: Guid(44b5414bb65c8a84c8f35eda0377d51e) Importer(815301076,1909f56bfc062723c751e8b465ee728b)
Start importing Assets/CameraScript.cs using Guid(44b5414bb65c8a84c8f35eda0377d51e) Importer(815301076,1909f56bfc062723c751e8b465ee728b)  -> (artifact id: '00000000000000000000000000000000') in 0.000767 seconds
Import Error Code:(4)
Message: Build asset version error: assets/camerascript.cs in SourceAssetDB has modification time of '2023-10-12T14:02:46.7772544Z' while content on disk has modification time of '2023-10-12T14:58:02.4668344Z'
  ERROR: Build asset version error: assets/camerascript.cs in SourceAssetDB has modification time of '2023-10-12T14:02:46.7772544Z' while content on disk has modification time of '2023-10-12T14:58:02.4668344Z'
Number of updated asset objects reloaded before import = 0
Number of asset objects unloaded after import = 0
========================================================================
Received Import Request.
  Time since last request: 0.028989 seconds.
  path: Assets/CameraScript.cs
  artifactKey: Guid(44b5414bb65c8a84c8f35eda0377d51e) Importer(815301076,1909f56bfc062723c751e8b465ee728b)
Start importing Assets/CameraScript.cs using Guid(44b5414bb65c8a84c8f35eda0377d51e) Importer(815301076,1909f56bfc062723c751e8b465ee728b)  -> (artifact id: '00000000000000000000000000000000') in 0.000769 seconds
Import Error Code:(4)
Message: Build asset version error: assets/camerascript.cs in SourceAssetDB has modification time of '2023-10-12T14:02:46.7772544Z' while content on disk has modification time of '2023-10-12T14:58:02.4668344Z'
  ERROR: Build asset version error: assets/camerascript.cs in SourceAssetDB has modification time of '2023-10-12T14:02:46.7772544Z' while content on disk has modification time of '2023-10-12T14:58:02.4668344Z'
Number of updated asset objects reloaded before import = 0
Number of asset objects unloaded after import = 0
========================================================================
Received Import Request.
  Time since last request: 0.028306 seconds.
  path: Assets/CameraScript.cs
  artifactKey: Guid(44b5414bb65c8a84c8f35eda0377d51e) Importer(815301076,1909f56bfc062723c751e8b465ee728b)
Start importing Assets/CameraScript.cs using Guid(44b5414bb65c8a84c8f35eda0377d51e) Importer(815301076,1909f56bfc062723c751e8b465ee728b)  -> (artifact id: '00000000000000000000000000000000') in 0.000839 seconds
Import Error Code:(4)
Message: Build asset version error: assets/camerascript.cs in SourceAssetDB has modification time of '2023-10-12T14:02:46.7772544Z' while content on disk has modification time of '2023-10-12T14:58:02.4668344Z'
  ERROR: Build asset version error: assets/camerascript.cs in SourceAssetDB has modification time of '2023-10-12T14:02:46.7772544Z' while content on disk has modification time of '2023-10-12T14:58:02.4668344Z'
Number of updated asset objects reloaded before import = 0
Number of asset objects unloaded after import = 0
========================================================================
Received Import Request.
  Time since last request: 0.025559 seconds.
  path: Assets/CameraScript.cs
  artifactKey: Guid(44b5414bb65c8a84c8f35eda0377d51e) Importer(815301076,1909f56bfc062723c751e8b465ee728b)
Start importing Assets/CameraScript.cs using Guid(44b5414bb65c8a84c8f35eda0377d51e) Importer(815301076,1909f56bfc062723c751e8b465ee728b)  -> (artifact id: '00000000000000000000000000000000') in 0.002335 seconds
Import Error Code:(4)
Message: Build asset version error: assets/camerascript.cs in SourceAssetDB has modification time of '2023-10-12T14:02:46.7772544Z' while content on disk has modification time of '2023-10-12T14:58:02.4668344Z'
  ERROR: Build asset version error: assets/camerascript.cs in SourceAssetDB has modification time of '2023-10-12T14:02:46.7772544Z' while content on disk has modification time of '2023-10-12T14:58:02.4668344Z'
Number of updated asset objects reloaded before import = 0
Number of asset objects unloaded after import = 0
========================================================================
Received Import Request.
  Time since last request: 0.025847 seconds.
  path: Assets/CameraScript.cs
  artifactKey: Guid(44b5414bb65c8a84c8f35eda0377d51e) Importer(815301076,1909f56bfc062723c751e8b465ee728b)
Start importing Assets/CameraScript.cs using Guid(44b5414bb65c8a84c8f35eda0377d51e) Importer(815301076,1909f56bfc062723c751e8b465ee728b)  -> (artifact id: '00000000000000000000000000000000') in 0.000808 seconds
Import Error Code:(4)
Message: Build asset version error: assets/camerascript.cs in SourceAssetDB has modification time of '2023-10-12T14:02:46.7772544Z' while content on disk has modification time of '2023-10-12T14:58:02.4668344Z'
  ERROR: Build asset version error: assets/camerascript.cs in SourceAssetDB has modification time of '2023-10-12T14:02:46.7772544Z' while content on disk has modification time of '2023-10-12T14:58:02.4668344Z'
Number of updated asset objects reloaded before import = 0
Number of asset objects unloaded after import = 0
========================================================================
Received Import Request.
  Time since last request: 0.026976 seconds.
  path: Assets/CameraScript.cs
  artifactKey: Guid(44b5414bb65c8a84c8f35eda0377d51e) Importer(815301076,1909f56bfc062723c751e8b465ee728b)
Start importing Assets/CameraScript.cs using Guid(44b5414bb65c8a84c8f35eda0377d51e) Importer(815301076,1909f56bfc062723c751e8b465ee728b)  -> (artifact id: '00000000000000000000000000000000') in 0.000841 seconds
Import Error Code:(4)
Message: Build asset version error: assets/camerascript.cs in SourceAssetDB has modification time of '2023-10-12T14:02:46.7772544Z' while content on disk has modification time of '2023-10-12T14:58:02.4668344Z'
  ERROR: Build asset version error: assets/camerascript.cs in SourceAssetDB has modification time of '2023-10-12T14:02:46.7772544Z' while content on disk has modification time of '2023-10-12T14:58:02.4668344Z'
Number of updated asset objects reloaded before import = 0
Number of asset objects unloaded after import = 0
========================================================================
Received Import Request.
  Time since last request: 0.026723 seconds.
  path: Assets/CameraScript.cs
  artifactKey: Guid(44b5414bb65c8a84c8f35eda0377d51e) Importer(815301076,1909f56bfc062723c751e8b465ee728b)
Start importing Assets/CameraScript.cs using Guid(44b5414bb65c8a84c8f35eda0377d51e) Importer(815301076,1909f56bfc062723c751e8b465ee728b)  -> (artifact id: '00000000000000000000000000000000') in 0.000797 seconds
Import Error Code:(4)
Message: Build asset version error: assets/camerascript.cs in SourceAssetDB has modification time of '2023-10-12T14:02:46.7772544Z' while content on disk has modification time of '2023-10-12T14:58:02.4668344Z'
  ERROR: Build asset version error: assets/camerascript.cs in SourceAssetDB has modification time of '2023-10-12T14:02:46.7772544Z' while content on disk has modification time of '2023-10-12T14:58:02.4668344Z'
Number of updated asset objects reloaded before import = 0
Number of asset objects unloaded after import = 0
========================================================================
Received Import Request.
  Time since last request: 0.027279 seconds.
  path: Assets/CameraScript.cs
  artifactKey: Guid(44b5414bb65c8a84c8f35eda0377d51e) Importer(815301076,1909f56bfc062723c751e8b465ee728b)
Start importing Assets/CameraScript.cs using Guid(44b5414bb65c8a84c8f35eda0377d51e) Importer(815301076,1909f56bfc062723c751e8b465ee728b)  -> (artifact id: '00000000000000000000000000000000') in 0.001048 seconds
Import Error Code:(4)
Message: Build asset version error: assets/camerascript.cs in SourceAssetDB has modification time of '2023-10-12T14:02:46.7772544Z' while content on disk has modification time of '2023-10-12T14:58:02.4668344Z'
  ERROR: Build asset version error: assets/camerascript.cs in SourceAssetDB has modification time of '2023-10-12T14:02:46.7772544Z' while content on disk has modification time of '2023-10-12T14:58:02.4668344Z'
Number of updated asset objects reloaded before import = 0
Number of asset objects unloaded after import = 0
========================================================================
Received Import Request.
  Time since last request: 0.029537 seconds.
  path: Assets/CameraScript.cs
  artifactKey: Guid(44b5414bb65c8a84c8f35eda0377d51e) Importer(815301076,1909f56bfc062723c751e8b465ee728b)
Start importing Assets/CameraScript.cs using Guid(44b5414bb65c8a84c8f35eda0377d51e) Importer(815301076,1909f56bfc062723c751e8b465ee728b)  -> (artifact id: '00000000000000000000000000000000') in 0.003988 seconds
Import Error Code:(4)
Message: Build asset version error: assets/camerascript.cs in SourceAssetDB has modification time of '2023-10-12T14:02:46.7772544Z' while content on disk has modification time of '2023-10-12T14:58:02.4668344Z'
  ERROR: Build asset version error: assets/camerascript.cs in SourceAssetDB has modification time of '2023-10-12T14:02:46.7772544Z' while content on disk has modification time of '2023-10-12T14:58:02.4668344Z'
Number of updated asset objects reloaded before import = 0
Number of asset objects unloaded after import = 0
========================================================================
Received Import Request.
  Time since last request: 0.022477 seconds.
  path: Assets/CameraScript.cs
  artifactKey: Guid(44b5414bb65c8a84c8f35eda0377d51e) Importer(815301076,1909f56bfc062723c751e8b465ee728b)
Start importing Assets/CameraScript.cs using Guid(44b5414bb65c8a84c8f35eda0377d51e) Importer(815301076,1909f56bfc062723c751e8b465ee728b)  -> (artifact id: '00000000000000000000000000000000') in 0.000805 seconds
Import Error Code:(4)
Message: Build asset version error: assets/camerascript.cs in SourceAssetDB has modification time of '2023-10-12T14:02:46.7772544Z' while content on disk has modification time of '2023-10-12T14:58:02.4668344Z'
  ERROR: Build asset version error: assets/camerascript.cs in SourceAssetDB has modification time of '2023-10-12T14:02:46.7772544Z' while content on disk has modification time of '2023-10-12T14:58:02.4668344Z'
Number of updated asset objects reloaded before import = 0
Number of asset objects unloaded after import = 0
========================================================================
Received Import Request.
  Time since last request: 0.028899 seconds.
  path: Assets/CameraScript.cs
  artifactKey: Guid(44b5414bb65c8a84c8f35eda0377d51e) Importer(815301076,1909f56bfc062723c751e8b465ee728b)
Start importing Assets/CameraScript.cs using Guid(44b5414bb65c8a84c8f35eda0377d51e) Importer(815301076,1909f56bfc062723c751e8b465ee728b)  -> (artifact id: '00000000000000000000000000000000') in 0.001320 seconds
Import Error Code:(4)
Message: Build asset version error: assets/camerascript.cs in SourceAssetDB has modification time of '2023-10-12T14:02:46.7772544Z' while content on disk has modification time of '2023-10-12T14:58:02.4668344Z'
  ERROR: Build asset version error: assets/camerascript.cs in SourceAssetDB has modification time of '2023-10-12T14:02:46.7772544Z' while content on disk has modification time of '2023-10-12T14:58:02.4668344Z'
Number of updated asset objects reloaded before import = 0
Number of asset objects unloaded after import = 0
========================================================================
Received Import Request.
  Time since last request: 0.030638 seconds.
  path: Assets/CameraScript.cs
  artifactKey: Guid(44b5414bb65c8a84c8f35eda0377d51e) Importer(815301076,1909f56bfc062723c751e8b465ee728b)
Start importing Assets/CameraScript.cs using Guid(44b5414bb65c8a84c8f35eda0377d51e) Importer(815301076,1909f56bfc062723c751e8b465ee728b)  -> (artifact id: '00000000000000000000000000000000') in 0.000774 seconds
Import Error Code:(4)
Message: Build asset version error: assets/camerascript.cs in SourceAssetDB has modification time of '2023-10-12T14:02:46.7772544Z' while content on disk has modification time of '2023-10-12T14:58:02.4668344Z'
  ERROR: Build asset version error: assets/camerascript.cs in SourceAssetDB has modification time of '2023-10-12T14:02:46.7772544Z' while content on disk has modification time of '2023-10-12T14:58:02.4668344Z'
Number of updated asset objects reloaded before import = 0
Number of asset objects unloaded after import = 0
========================================================================
Received Import Request.
  Time since last request: 0.027771 seconds.
  path: Assets/CameraScript.cs
  artifactKey: Guid(44b5414bb65c8a84c8f35eda0377d51e) Importer(815301076,1909f56bfc062723c751e8b465ee728b)
Start importing Assets/CameraScript.cs using Guid(44b5414bb65c8a84c8f35eda0377d51e) Importer(815301076,1909f56bfc062723c751e8b465ee728b)  -> (artifact id: '00000000000000000000000000000000') in 0.000772 seconds
Import Error Code:(4)
Message: Build asset version error: assets/camerascript.cs in SourceAssetDB has modification time of '2023-10-12T14:02:46.7772544Z' while content on disk has modification time of '2023-10-12T14:58:02.4668344Z'
  ERROR: Build asset version error: assets/camerascript.cs in SourceAssetDB has modification time of '2023-10-12T14:02:46.7772544Z' while content on disk has modification time of '2023-10-12T14:58:02.4668344Z'
Number of updated asset objects reloaded before import = 0
Number of asset objects unloaded after import = 0
========================================================================
Received Import Request.
  Time since last request: 0.026549 seconds.
  path: Assets/CameraScript.cs
  artifactKey: Guid(44b5414bb65c8a84c8f35eda0377d51e) Importer(815301076,1909f56bfc062723c751e8b465ee728b)
Start importing Assets/CameraScript.cs using Guid(44b5414bb65c8a84c8f35eda0377d51e) Importer(815301076,1909f56bfc062723c751e8b465ee728b)  -> (artifact id: '00000000000000000000000000000000') in 0.001401 seconds
Import Error Code:(4)
Message: Build asset version error: assets/camerascript.cs in SourceAssetDB has modification time of '2023-10-12T14:02:46.7772544Z' while content on disk has modification time of '2023-10-12T14:58:02.4668344Z'
  ERROR: Build asset version error: assets/camerascript.cs in SourceAssetDB has modification time of '2023-10-12T14:02:46.7772544Z' while content on disk has modification time of '2023-10-12T14:58:02.4668344Z'
Number of updated asset objects reloaded before import = 0
Number of asset objects unloaded after import = 0
========================================================================
Received Import Request.
  Time since last request: 0.027091 seconds.
  path: Assets/CameraScript.cs
  artifactKey: Guid(44b5414bb65c8a84c8f35eda0377d51e) Importer(815301076,1909f56bfc062723c751e8b465ee728b)
Start importing Assets/CameraScript.cs using Guid(44b5414bb65c8a84c8f35eda0377d51e) Importer(815301076,1909f56bfc062723c751e8b465ee728b)  -> (artifact id: '00000000000000000000000000000000') in 0.000741 seconds
Import Error Code:(4)
Message: Build asset version error: assets/camerascript.cs in SourceAssetDB has modification time of '2023-10-12T14:02:46.7772544Z' while content on disk has modification time of '2023-10-12T14:58:02.4668344Z'
  ERROR: Build asset version error: assets/camerascript.cs in SourceAssetDB has modification time of '2023-10-12T14:02:46.7772544Z' while content on disk has modification time of '2023-10-12T14:58:02.4668344Z'
Number of updated asset objects reloaded before import = 0
Number of asset objects unloaded after import = 0
========================================================================
Received Import Request.
  Time since last request: 0.026011 seconds.
  path: Assets/CameraScript.cs
  artifactKey: Guid(44b5414bb65c8a84c8f35eda0377d51e) Importer(815301076,1909f56bfc062723c751e8b465ee728b)
Start importing Assets/CameraScript.cs using Guid(44b5414bb65c8a84c8f35eda0377d51e) Importer(815301076,1909f56bfc062723c751e8b465ee728b)  -> (artifact id: '00000000000000000000000000000000') in 0.000822 seconds
Import Error Code:(4)
Message: Build asset version error: assets/camerascript.cs in SourceAssetDB has modification time of '2023-10-12T14:02:46.7772544Z' while content on disk has modification time of '2023-10-12T14:58:02.4668344Z'
  ERROR: Build asset version error: assets/camerascript.cs in SourceAssetDB has modification time of '2023-10-12T14:02:46.7772544Z' while content on disk has modification time of '2023-10-12T14:58:02.4668344Z'
Number of updated asset objects reloaded before import = 0
Number of asset objects unloaded after import = 0
========================================================================
Received Import Request.
  Time since last request: 0.026681 seconds.
  path: Assets/CameraScript.cs
  artifactKey: Guid(44b5414bb65c8a84c8f35eda0377d51e) Importer(815301076,1909f56bfc062723c751e8b465ee728b)
Start importing Assets/CameraScript.cs using Guid(44b5414bb65c8a84c8f35eda0377d51e) Importer(815301076,1909f56bfc062723c751e8b465ee728b)  -> (artifact id: '00000000000000000000000000000000') in 0.001852 seconds
Import Error Code:(4)
Message: Build asset version error: assets/camerascript.cs in SourceAssetDB has modification time of '2023-10-12T14:02:46.7772544Z' while content on disk has modification time of '2023-10-12T14:58:02.4668344Z'
  ERROR: Build asset version error: assets/camerascript.cs in SourceAssetDB has modification time of '2023-10-12T14:02:46.7772544Z' while content on disk has modification time of '2023-10-12T14:58:02.4668344Z'
Number of updated asset objects reloaded before import = 0
Number of asset objects unloaded after import = 0
========================================================================
Received Import Request.
  Time since last request: 0.027586 seconds.
  path: Assets/CameraScript.cs
  artifactKey: Guid(44b5414bb65c8a84c8f35eda0377d51e) Importer(815301076,1909f56bfc062723c751e8b465ee728b)
Start importing Assets/CameraScript.cs using Guid(44b5414bb65c8a84c8f35eda0377d51e) Importer(815301076,1909f56bfc062723c751e8b465ee728b)  -> (artifact id: '00000000000000000000000000000000') in 0.001015 seconds
Import Error Code:(4)
Message: Build asset version error: assets/camerascript.cs in SourceAssetDB has modification time of '2023-10-12T14:02:46.7772544Z' while content on disk has modification time of '2023-10-12T14:58:02.4668344Z'
  ERROR: Build asset version error: assets/camerascript.cs in SourceAssetDB has modification time of '2023-10-12T14:02:46.7772544Z' while content on disk has modification time of '2023-10-12T14:58:02.4668344Z'
Number of updated asset objects reloaded before import = 0
Number of asset objects unloaded after import = 0
========================================================================
Received Import Request.
  Time since last request: 0.024787 seconds.
  path: Assets/CameraScript.cs
  artifactKey: Guid(44b5414bb65c8a84c8f35eda0377d51e) Importer(815301076,1909f56bfc062723c751e8b465ee728b)
Start importing Assets/CameraScript.cs using Guid(44b5414bb65c8a84c8f35eda0377d51e) Importer(815301076,1909f56bfc062723c751e8b465ee728b)  -> (artifact id: '00000000000000000000000000000000') in 0.000768 seconds
Import Error Code:(4)
Message: Build asset version error: assets/camerascript.cs in SourceAssetDB has modification time of '2023-10-12T14:02:46.7772544Z' while content on disk has modification time of '2023-10-12T14:58:02.4668344Z'
  ERROR: Build asset version error: assets/camerascript.cs in SourceAssetDB has modification time of '2023-10-12T14:02:46.7772544Z' while content on disk has modification time of '2023-10-12T14:58:02.4668344Z'
Number of updated asset objects reloaded before import = 0
Number of asset objects unloaded after import = 0
========================================================================
Received Import Request.
  Time since last request: 0.029866 seconds.
  path: Assets/CameraScript.cs
  artifactKey: Guid(44b5414bb65c8a84c8f35eda0377d51e) Importer(815301076,1909f56bfc062723c751e8b465ee728b)
Start importing Assets/CameraScript.cs using Guid(44b5414bb65c8a84c8f35eda0377d51e) Importer(815301076,1909f56bfc062723c751e8b465ee728b)  -> (artifact id: '00000000000000000000000000000000') in 0.002521 seconds
Import Error Code:(4)
Message: Build asset version error: assets/camerascript.cs in SourceAssetDB has modification time of '2023-10-12T14:02:46.7772544Z' while content on disk has modification time of '2023-10-12T14:58:02.4668344Z'
  ERROR: Build asset version error: assets/camerascript.cs in SourceAssetDB has modification time of '2023-10-12T14:02:46.7772544Z' while content on disk has modification time of '2023-10-12T14:58:02.4668344Z'
Number of updated asset objects reloaded before import = 0
Number of asset objects unloaded after import = 0
========================================================================
Received Import Request.
  Time since last request: 0.029195 seconds.
  path: Assets/CameraScript.cs
  artifactKey: Guid(44b5414bb65c8a84c8f35eda0377d51e) Importer(815301076,1909f56bfc062723c751e8b465ee728b)
Start importing Assets/CameraScript.cs using Guid(44b5414bb65c8a84c8f35eda0377d51e) Importer(815301076,1909f56bfc062723c751e8b465ee728b)  -> (artifact id: '00000000000000000000000000000000') in 0.000809 seconds
Import Error Code:(4)
Message: Build asset version error: assets/camerascript.cs in SourceAssetDB has modification time of '2023-10-12T14:02:46.7772544Z' while content on disk has modification time of '2023-10-12T14:58:02.4668344Z'
  ERROR: Build asset version error: assets/camerascript.cs in SourceAssetDB has modification time of '2023-10-12T14:02:46.7772544Z' while content on disk has modification time of '2023-10-12T14:58:02.4668344Z'
Number of updated asset objects reloaded before import = 0
Number of asset objects unloaded after import = 0
========================================================================
Received Import Request.
  Time since last request: 0.027261 seconds.
  path: Assets/CameraScript.cs
  artifactKey: Guid(44b5414bb65c8a84c8f35eda0377d51e) Importer(815301076,1909f56bfc062723c751e8b465ee728b)
Start importing Assets/CameraScript.cs using Guid(44b5414bb65c8a84c8f35eda0377d51e) Importer(815301076,1909f56bfc062723c751e8b465ee728b)  -> (artifact id: '00000000000000000000000000000000') in 0.000994 seconds
Import Error Code:(4)
Message: Build asset version error: assets/camerascript.cs in SourceAssetDB has modification time of '2023-10-12T14:02:46.7772544Z' while content on disk has modification time of '2023-10-12T14:58:02.4668344Z'
  ERROR: Build asset version error: assets/camerascript.cs in SourceAssetDB has modification time of '2023-10-12T14:02:46.7772544Z' while content on disk has modification time of '2023-10-12T14:58:02.4668344Z'
Number of updated asset objects reloaded before import = 0
Number of asset objects unloaded after import = 0
========================================================================
Received Import Request.
  Time since last request: 0.028052 seconds.
  path: Assets/CameraScript.cs
  artifactKey: Guid(44b5414bb65c8a84c8f35eda0377d51e) Importer(815301076,1909f56bfc062723c751e8b465ee728b)
Start importing Assets/CameraScript.cs using Guid(44b5414bb65c8a84c8f35eda0377d51e) Importer(815301076,1909f56bfc062723c751e8b465ee728b)  -> (artifact id: '00000000000000000000000000000000') in 0.000732 seconds
Import Error Code:(4)
Message: Build asset version error: assets/camerascript.cs in SourceAssetDB has modification time of '2023-10-12T14:02:46.7772544Z' while content on disk has modification time of '2023-10-12T14:58:02.4668344Z'
  ERROR: Build asset version error: assets/camerascript.cs in SourceAssetDB has modification time of '2023-10-12T14:02:46.7772544Z' while content on disk has modification time of '2023-10-12T14:58:02.4668344Z'
Number of updated asset objects reloaded before import = 0
Number of asset objects unloaded after import = 0
========================================================================
Received Import Request.
  Time since last request: 0.037440 seconds.
  path: Assets/CameraScript.cs
  artifactKey: Guid(44b5414bb65c8a84c8f35eda0377d51e) Importer(815301076,1909f56bfc062723c751e8b465ee728b)
Start importing Assets/CameraScript.cs using Guid(44b5414bb65c8a84c8f35eda0377d51e) Importer(815301076,1909f56bfc062723c751e8b465ee728b)  -> (artifact id: '00000000000000000000000000000000') in 0.002896 seconds
Import Error Code:(4)
Message: Build asset version error: assets/camerascript.cs in SourceAssetDB has modification time of '2023-10-12T14:02:46.7772544Z' while content on disk has modification time of '2023-10-12T14:58:02.4668344Z'
  ERROR: Build asset version error: assets/camerascript.cs in SourceAssetDB has modification time of '2023-10-12T14:02:46.7772544Z' while content on disk has modification time of '2023-10-12T14:58:02.4668344Z'
Number of updated asset objects reloaded before import = 0
Number of asset objects unloaded after import = 0
========================================================================
Received Import Request.
  Time since last request: 0.025856 seconds.
  path: Assets/CameraScript.cs
  artifactKey: Guid(44b5414bb65c8a84c8f35eda0377d51e) Importer(815301076,1909f56bfc062723c751e8b465ee728b)
Start importing Assets/CameraScript.cs using Guid(44b5414bb65c8a84c8f35eda0377d51e) Importer(815301076,1909f56bfc062723c751e8b465ee728b)  -> (artifact id: '00000000000000000000000000000000') in 0.001015 seconds
Import Error Code:(4)
Message: Build asset version error: assets/camerascript.cs in SourceAssetDB has modification time of '2023-10-12T14:02:46.7772544Z' while content on disk has modification time of '2023-10-12T14:58:02.4668344Z'
  ERROR: Build asset version error: assets/camerascript.cs in SourceAssetDB has modification time of '2023-10-12T14:02:46.7772544Z' while content on disk has modification time of '2023-10-12T14:58:02.4668344Z'
Number of updated asset objects reloaded before import = 0
Number of asset objects unloaded after import = 0
========================================================================
Received Import Request.
  Time since last request: 0.026154 seconds.
  path: Assets/CameraScript.cs
  artifactKey: Guid(44b5414bb65c8a84c8f35eda0377d51e) Importer(815301076,1909f56bfc062723c751e8b465ee728b)
Start importing Assets/CameraScript.cs using Guid(44b5414bb65c8a84c8f35eda0377d51e) Importer(815301076,1909f56bfc062723c751e8b465ee728b)  -> (artifact id: '00000000000000000000000000000000') in 0.000959 seconds
Import Error Code:(4)
Message: Build asset version error: assets/camerascript.cs in SourceAssetDB has modification time of '2023-10-12T14:02:46.7772544Z' while content on disk has modification time of '2023-10-12T14:58:02.4668344Z'
  ERROR: Build asset version error: assets/camerascript.cs in SourceAssetDB has modification time of '2023-10-12T14:02:46.7772544Z' while content on disk has modification time of '2023-10-12T14:58:02.4668344Z'
Number of updated asset objects reloaded before import = 0
Number of asset objects unloaded after import = 0
========================================================================
Received Prepare
Begin MonoManager ReloadAssembly
- Loaded All Assemblies, in  0.630 seconds
Refreshing native plugins compatible for Editor in 5.23 ms, found 3 plugins.
Native extension for WindowsStandalone target not found
Native extension for WebGL target not found
[Package Manager] Server::EnsureServerProcessIsRunning -- launch failed, reason: Unity was launched with the -noUpm command-line argument
[Package Manager] UpmClient::Send -- Unable to send message (not connected to UPM process).
[Package Manager] Cannot connect to Unity Package Manager local server
Mono: successfully reloaded assembly
- Finished resetting the current domain, in  1.902 seconds
Domain Reload Profiling: 2528ms
	BeginReloadAssembly (218ms)
		ExecutionOrderSort (0ms)
		DisableScriptedObjects (7ms)
		BackupInstance (0ms)
		ReleaseScriptingObjects (0ms)
		CreateAndSetChildDomain (41ms)
	RebuildCommonClasses (48ms)
	RebuildNativeTypeToScriptingClass (16ms)
	initialDomainReloadingComplete (44ms)
	LoadAllAssembliesAndSetupDomain (298ms)
		LoadAssemblies (399ms)
		RebuildTransferFunctionScriptingTraits (0ms)
		AnalyzeDomain (29ms)
			TypeCache.Refresh (10ms)
				TypeCache.ScanAssembly (0ms)
			ScanForSourceGeneratedMonoScriptInfo (10ms)
			ResolveRequiredComponents (7ms)
	FinalizeReload (1903ms)
		ReleaseScriptCaches (0ms)
		RebuildScriptCaches (0ms)
		SetupLoadedEditorAssemblies (938ms)
			LogAssemblyErrors (0ms)
			InitializePlatformSupportModulesInManaged (48ms)
			SetLoadedEditorAssemblies (17ms)
			RefreshPlugins (0ms)
			BeforeProcessingInitializeOnLoad (210ms)
			ProcessInitializeOnLoadAttributes (624ms)
			ProcessInitializeOnLoadMethodAttributes (26ms)
			AfterProcessingInitializeOnLoad (12ms)
			EditorAssembliesLoaded (0ms)
		ExecutionOrderSort2 (0ms)
		AwakeInstancesAfterBackupRestoration (11ms)
Refreshing native plugins compatible for Editor in 4.03 ms, found 3 plugins.
Preloading 0 native plugins for Editor in 0.00 ms.
Unloading 3065 Unused Serialized files (Serialized files now loaded: 0)
Unloading 22 unused Assets / (30.5 KB). Loaded Objects now: 3552.
Memory consumption went from 114.1 MB to 114.1 MB.
Total: 3.718800 ms (FindLiveObjects: 0.297400 ms CreateObjectMapping: 0.239400 ms MarkObjects: 3.130200 ms  DeleteObjects: 0.050500 ms)

Prepare: number of updated asset objects reloaded= 0
AssetImportParameters requested are different than current active one (requested -> active):
  custom:container-demuxer-ogg: 62fdf1f143b41e24485cea50d1cbac27 -> 
  custom:video-decoder-ogg-theora: a1e56fd34408186e4bbccfd4996cb3dc -> 
  custom:framework-win-MediaFoundation: 216162199b28c13a410421893ffa2e32 -> 
  custom:CustomObjectIndexerAttribute: 756ad292c208cfabdd7b50bc23989ffe -> 
  custom:container-demuxer-webm: 4f35f7cbe854078d1ac9338744f61a02 -> 
  custom:container-muxer-webm: aa71ff27fc2769a1b78a27578f13a17b -> 
  custom:video-decoder-webm-vp8: 9c59270c3fd7afecdb556c50c9e8de78 -> 
  custom:SearchIndexIgnoredProperties: e643bd26f0fe6173181afceb89e7c659 -> 
  custom:AudioImporter_EditorPlatform: d09bf68614088b80899f8185d706f6e7 -> 
  custom:video-encoder-webm-vp8: eb34c28f22e8b96e1ab97ce403110664 -> 
  custom:audio-decoder-ogg-vorbis: bf7c407c2cedff20999df2af8eb42d56 -> 
  custom:audio-encoder-webm-vorbis: bf7c407c2cedff20999df2af8eb42d56 -> 
========================================================================
Received Import Request.
  Time since last request: 7.677781 seconds.
  path: Assets/CameraScript.cs
  artifactKey: Guid(44b5414bb65c8a84c8f35eda0377d51e) Importer(815301076,1909f56bfc062723c751e8b465ee728b)
Start importing Assets/CameraScript.cs using Guid(44b5414bb65c8a84c8f35eda0377d51e) Importer(815301076,1909f56bfc062723c751e8b465ee728b)  -> (artifact id: '571baccdcc03313e728253bb4b1e6798') in 0.002693 seconds
Number of updated asset objects reloaded before import = 0
Number of asset objects unloaded after import = 0
========================================================================
Received Prepare
Begin MonoManager ReloadAssembly
- Loaded All Assemblies, in  0.617 seconds
Refreshing native plugins compatible for Editor in 4.48 ms, found 3 plugins.
Native extension for WindowsStandalone target not found
Native extension for WebGL target not found
[Package Manager] Server::EnsureServerProcessIsRunning -- launch failed, reason: Unity was launched with the -noUpm command-line argument
[Package Manager] UpmClient::Send -- Unable to send message (not connected to UPM process).
[Package Manager] Cannot connect to Unity Package Manager local server
Mono: successfully reloaded assembly
- Finished resetting the current domain, in  2.863 seconds
Domain Reload Profiling: 3480ms
	BeginReloadAssembly (214ms)
		ExecutionOrderSort (0ms)
		DisableScriptedObjects (8ms)
		BackupInstance (0ms)
		ReleaseScriptingObjects (0ms)
		CreateAndSetChildDomain (42ms)
	RebuildCommonClasses (49ms)
	RebuildNativeTypeToScriptingClass (18ms)
	initialDomainReloadingComplete (42ms)
	LoadAllAssembliesAndSetupDomain (289ms)
		LoadAssemblies (396ms)
		RebuildTransferFunctionScriptingTraits (0ms)
		AnalyzeDomain (17ms)
			TypeCache.Refresh (9ms)
				TypeCache.ScanAssembly (0ms)
			ScanForSourceGeneratedMonoScriptInfo (0ms)
			ResolveRequiredComponents (7ms)
	FinalizeReload (2867ms)
		ReleaseScriptCaches (0ms)
		RebuildScriptCaches (0ms)
		SetupLoadedEditorAssemblies (1749ms)
			LogAssemblyErrors (0ms)
			InitializePlatformSupportModulesInManaged (49ms)
			SetLoadedEditorAssemblies (19ms)
			RefreshPlugins (0ms)
			BeforeProcessingInitializeOnLoad (255ms)
			ProcessInitializeOnLoadAttributes (1341ms)
			ProcessInitializeOnLoadMethodAttributes (51ms)
			AfterProcessingInitializeOnLoad (33ms)
			EditorAssembliesLoaded (0ms)
		ExecutionOrderSort2 (0ms)
		AwakeInstancesAfterBackupRestoration (31ms)
Refreshing native plugins compatible for Editor in 5.04 ms, found 3 plugins.
Preloading 0 native plugins for Editor in 0.00 ms.
Unloading 3065 Unused Serialized files (Serialized files now loaded: 0)
Unloading 22 unused Assets / (30.6 KB). Loaded Objects now: 3555.
Memory consumption went from 114.1 MB to 114.1 MB.
Total: 3.935300 ms (FindLiveObjects: 0.361600 ms CreateObjectMapping: 0.245000 ms MarkObjects: 3.270600 ms  DeleteObjects: 0.057000 ms)

Prepare: number of updated asset objects reloaded= 0
AssetImportParameters requested are different than current active one (requested -> active):
  custom:container-demuxer-ogg: 62fdf1f143b41e24485cea50d1cbac27 -> 
  custom:video-decoder-ogg-theora: a1e56fd34408186e4bbccfd4996cb3dc -> 
  custom:framework-win-MediaFoundation: 216162199b28c13a410421893ffa2e32 -> 
  custom:CustomObjectIndexerAttribute: 756ad292c208cfabdd7b50bc23989ffe -> 
  custom:container-demuxer-webm: 4f35f7cbe854078d1ac9338744f61a02 -> 
  custom:container-muxer-webm: aa71ff27fc2769a1b78a27578f13a17b -> 
  custom:video-decoder-webm-vp8: 9c59270c3fd7afecdb556c50c9e8de78 -> 
  custom:SearchIndexIgnoredProperties: e643bd26f0fe6173181afceb89e7c659 -> 
  custom:AudioImporter_EditorPlatform: d09bf68614088b80899f8185d706f6e7 -> 
  custom:video-encoder-webm-vp8: eb34c28f22e8b96e1ab97ce403110664 -> 
  custom:audio-decoder-ogg-vorbis: bf7c407c2cedff20999df2af8eb42d56 -> 
  custom:audio-encoder-webm-vorbis: bf7c407c2cedff20999df2af8eb42d56 -> 
========================================================================
Received Prepare
Begin MonoManager ReloadAssembly
- Loaded All Assemblies, in  0.607 seconds
Refreshing native plugins compatible for Editor in 4.00 ms, found 3 plugins.
Native extension for WindowsStandalone target not found
Native extension for WebGL target not found
[Package Manager] Server::EnsureServerProcessIsRunning -- launch failed, reason: Unity was launched with the -noUpm command-line argument
[Package Manager] UpmClient::Send -- Unable to send message (not connected to UPM process).
[Package Manager] Cannot connect to Unity Package Manager local server
Mono: successfully reloaded assembly
- Finished resetting the current domain, in  3.002 seconds
Domain Reload Profiling: 3606ms
	BeginReloadAssembly (205ms)
		ExecutionOrderSort (0ms)
		DisableScriptedObjects (8ms)
		BackupInstance (0ms)
		ReleaseScriptingObjects (0ms)
		CreateAndSetChildDomain (41ms)
	RebuildCommonClasses (52ms)
	RebuildNativeTypeToScriptingClass (16ms)
	initialDomainReloadingComplete (42ms)
	LoadAllAssembliesAndSetupDomain (288ms)
		LoadAssemblies (395ms)
		RebuildTransferFunctionScriptingTraits (0ms)
		AnalyzeDomain (19ms)
			TypeCache.Refresh (8ms)
				TypeCache.ScanAssembly (0ms)
			ScanForSourceGeneratedMonoScriptInfo (0ms)
			ResolveRequiredComponents (9ms)
	FinalizeReload (3003ms)
		ReleaseScriptCaches (0ms)
		RebuildScriptCaches (0ms)
		SetupLoadedEditorAssemblies (1811ms)
			LogAssemblyErrors (0ms)
			InitializePlatformSupportModulesInManaged (39ms)
			SetLoadedEditorAssemblies (14ms)
			RefreshPlugins (0ms)
			BeforeProcessingInitializeOnLoad (269ms)
			ProcessInitializeOnLoadAttributes (1370ms)
			ProcessInitializeOnLoadMethodAttributes (86ms)
			AfterProcessingInitializeOnLoad (32ms)
			EditorAssembliesLoaded (0ms)
		ExecutionOrderSort2 (0ms)
		AwakeInstancesAfterBackupRestoration (43ms)
Refreshing native plugins compatible for Editor in 6.96 ms, found 3 plugins.
Preloading 0 native plugins for Editor in 0.00 ms.
Unloading 3066 Unused Serialized files (Serialized files now loaded: 0)
Unloading 22 unused Assets / (30.6 KB). Loaded Objects now: 3558.
Memory consumption went from 114.4 MB to 114.3 MB.
Total: 4.961900 ms (FindLiveObjects: 0.548400 ms CreateObjectMapping: 0.407200 ms MarkObjects: 3.798300 ms  DeleteObjects: 0.205400 ms)

Prepare: number of updated asset objects reloaded= 0
AssetImportParameters requested are different than current active one (requested -> active):
  custom:container-demuxer-ogg: 62fdf1f143b41e24485cea50d1cbac27 -> 
  custom:video-decoder-ogg-theora: a1e56fd34408186e4bbccfd4996cb3dc -> 
  custom:framework-win-MediaFoundation: 216162199b28c13a410421893ffa2e32 -> 
  custom:CustomObjectIndexerAttribute: 756ad292c208cfabdd7b50bc23989ffe -> 
  custom:container-demuxer-webm: 4f35f7cbe854078d1ac9338744f61a02 -> 
  custom:container-muxer-webm: aa71ff27fc2769a1b78a27578f13a17b -> 
  custom:video-decoder-webm-vp8: 9c59270c3fd7afecdb556c50c9e8de78 -> 
  custom:SearchIndexIgnoredProperties: e643bd26f0fe6173181afceb89e7c659 -> 
  custom:AudioImporter_EditorPlatform: d09bf68614088b80899f8185d706f6e7 -> 
  custom:video-encoder-webm-vp8: eb34c28f22e8b96e1ab97ce403110664 -> 
  custom:audio-decoder-ogg-vorbis: bf7c407c2cedff20999df2af8eb42d56 -> 
  custom:audio-encoder-webm-vorbis: bf7c407c2cedff20999df2af8eb42d56 -> 
========================================================================
Received Prepare
Begin MonoManager ReloadAssembly
- Loaded All Assemblies, in  0.685 seconds
Refreshing native plugins compatible for Editor in 4.04 ms, found 3 plugins.
Native extension for WindowsStandalone target not found
Native extension for WebGL target not found
[Package Manager] Server::EnsureServerProcessIsRunning -- launch failed, reason: Unity was launched with the -noUpm command-line argument
[Package Manager] UpmClient::Send -- Unable to send message (not connected to UPM process).
[Package Manager] Cannot connect to Unity Package Manager local server
Mono: successfully reloaded assembly
- Finished resetting the current domain, in  2.756 seconds
Domain Reload Profiling: 3440ms
	BeginReloadAssembly (219ms)
		ExecutionOrderSort (0ms)
		DisableScriptedObjects (8ms)
		BackupInstance (0ms)
		ReleaseScriptingObjects (0ms)
		CreateAndSetChildDomain (49ms)
	RebuildCommonClasses (48ms)
	RebuildNativeTypeToScriptingClass (18ms)
	initialDomainReloadingComplete (48ms)
	LoadAllAssembliesAndSetupDomain (348ms)
		LoadAssemblies (453ms)
		RebuildTransferFunctionScriptingTraits (0ms)
		AnalyzeDomain (17ms)
			TypeCache.Refresh (8ms)
				TypeCache.ScanAssembly (0ms)
			ScanForSourceGeneratedMonoScriptInfo (0ms)
			ResolveRequiredComponents (7ms)
	FinalizeReload (2759ms)
		ReleaseScriptCaches (0ms)
		RebuildScriptCaches (0ms)
		SetupLoadedEditorAssemblies (1669ms)
			LogAssemblyErrors (0ms)
			InitializePlatformSupportModulesInManaged (41ms)
			SetLoadedEditorAssemblies (21ms)
			RefreshPlugins (0ms)
			BeforeProcessingInitializeOnLoad (255ms)
			ProcessInitializeOnLoadAttributes (1235ms)
			ProcessInitializeOnLoadMethodAttributes (98ms)
			AfterProcessingInitializeOnLoad (20ms)
			EditorAssembliesLoaded (0ms)
		ExecutionOrderSort2 (0ms)
		AwakeInstancesAfterBackupRestoration (32ms)
Refreshing native plugins compatible for Editor in 13.24 ms, found 3 plugins.
Preloading 0 native plugins for Editor in 0.00 ms.
Unloading 3066 Unused Serialized files (Serialized files now loaded: 0)
Unloading 22 unused Assets / (30.5 KB). Loaded Objects now: 3561.
Memory consumption went from 114.4 MB to 114.3 MB.
Total: 13.529500 ms (FindLiveObjects: 2.568800 ms CreateObjectMapping: 0.751200 ms MarkObjects: 9.962800 ms  DeleteObjects: 0.242200 ms)

Prepare: number of updated asset objects reloaded= 0
AssetImportParameters requested are different than current active one (requested -> active):
  custom:container-demuxer-ogg: 62fdf1f143b41e24485cea50d1cbac27 -> 
  custom:video-decoder-ogg-theora: a1e56fd34408186e4bbccfd4996cb3dc -> 
  custom:framework-win-MediaFoundation: 216162199b28c13a410421893ffa2e32 -> 
  custom:CustomObjectIndexerAttribute: 756ad292c208cfabdd7b50bc23989ffe -> 
  custom:container-demuxer-webm: 4f35f7cbe854078d1ac9338744f61a02 -> 
  custom:container-muxer-webm: aa71ff27fc2769a1b78a27578f13a17b -> 
  custom:video-decoder-webm-vp8: 9c59270c3fd7afecdb556c50c9e8de78 -> 
  custom:SearchIndexIgnoredProperties: e643bd26f0fe6173181afceb89e7c659 -> 
  custom:AudioImporter_EditorPlatform: d09bf68614088b80899f8185d706f6e7 -> 
  custom:video-encoder-webm-vp8: eb34c28f22e8b96e1ab97ce403110664 -> 
  custom:audio-decoder-ogg-vorbis: bf7c407c2cedff20999df2af8eb42d56 -> 
  custom:audio-encoder-webm-vorbis: bf7c407c2cedff20999df2af8eb42d56 -> 
========================================================================
Received Prepare
Begin MonoManager ReloadAssembly
- Loaded All Assemblies, in  0.656 seconds
Refreshing native plugins compatible for Editor in 4.03 ms, found 3 plugins.
Native extension for WindowsStandalone target not found
Native extension for WebGL target not found
[Package Manager] Server::EnsureServerProcessIsRunning -- launch failed, reason: Unity was launched with the -noUpm command-line argument
[Package Manager] UpmClient::Send -- Unable to send message (not connected to UPM process).
[Package Manager] Cannot connect to Unity Package Manager local server
Mono: successfully reloaded assembly
- Finished resetting the current domain, in  4.897 seconds
Domain Reload Profiling: 5551ms
	BeginReloadAssembly (215ms)
		ExecutionOrderSort (0ms)
		DisableScriptedObjects (8ms)
		BackupInstance (0ms)
		ReleaseScriptingObjects (0ms)
		CreateAndSetChildDomain (43ms)
	RebuildCommonClasses (48ms)
	RebuildNativeTypeToScriptingClass (18ms)
	initialDomainReloadingComplete (45ms)
	LoadAllAssembliesAndSetupDomain (325ms)
		LoadAssemblies (432ms)
		RebuildTransferFunctionScriptingTraits (0ms)
		AnalyzeDomain (18ms)
			TypeCache.Refresh (8ms)
				TypeCache.ScanAssembly (0ms)
			ScanForSourceGeneratedMonoScriptInfo (0ms)
			ResolveRequiredComponents (8ms)
	FinalizeReload (4900ms)
		ReleaseScriptCaches (0ms)
		RebuildScriptCaches (0ms)
		SetupLoadedEditorAssemblies (1991ms)
			LogAssemblyErrors (0ms)
			InitializePlatformSupportModulesInManaged (44ms)
			SetLoadedEditorAssemblies (19ms)
			RefreshPlugins (0ms)
			BeforeProcessingInitializeOnLoad (309ms)
			ProcessInitializeOnLoadAttributes (1487ms)
			ProcessInitializeOnLoadMethodAttributes (96ms)
			AfterProcessingInitializeOnLoad (35ms)
			EditorAssembliesLoaded (1ms)
		ExecutionOrderSort2 (0ms)
		AwakeInstancesAfterBackupRestoration (36ms)
Refreshing native plugins compatible for Editor in 11.42 ms, found 3 plugins.
Preloading 0 native plugins for Editor in 0.00 ms.
Unloading 3066 Unused Serialized files (Serialized files now loaded: 0)
Unloading 22 unused Assets / (30.6 KB). Loaded Objects now: 3564.
Memory consumption went from 114.4 MB to 114.3 MB.
Total: 21.725700 ms (FindLiveObjects: 0.685700 ms CreateObjectMapping: 0.791200 ms MarkObjects: 19.048500 ms  DeleteObjects: 1.197500 ms)

Prepare: number of updated asset objects reloaded= 0
AssetImportParameters requested are different than current active one (requested -> active):
  custom:container-demuxer-ogg: 62fdf1f143b41e24485cea50d1cbac27 -> 
  custom:video-decoder-ogg-theora: a1e56fd34408186e4bbccfd4996cb3dc -> 
  custom:framework-win-MediaFoundation: 216162199b28c13a410421893ffa2e32 -> 
  custom:CustomObjectIndexerAttribute: 756ad292c208cfabdd7b50bc23989ffe -> 
  custom:container-demuxer-webm: 4f35f7cbe854078d1ac9338744f61a02 -> 
  custom:container-muxer-webm: aa71ff27fc2769a1b78a27578f13a17b -> 
  custom:video-decoder-webm-vp8: 9c59270c3fd7afecdb556c50c9e8de78 -> 
  custom:SearchIndexIgnoredProperties: e643bd26f0fe6173181afceb89e7c659 -> 
  custom:AudioImporter_EditorPlatform: d09bf68614088b80899f8185d706f6e7 -> 
  custom:video-encoder-webm-vp8: eb34c28f22e8b96e1ab97ce403110664 -> 
  custom:audio-decoder-ogg-vorbis: bf7c407c2cedff20999df2af8eb42d56 -> 
  custom:audio-encoder-webm-vorbis: bf7c407c2cedff20999df2af8eb42d56 -> 
========================================================================
Received Prepare
Begin MonoManager ReloadAssembly
- Loaded All Assemblies, in  0.624 seconds
Refreshing native plugins compatible for Editor in 4.00 ms, found 3 plugins.
Native extension for WindowsStandalone target not found
Native extension for WebGL target not found
[Package Manager] Server::EnsureServerProcessIsRunning -- launch failed, reason: Unity was launched with the -noUpm command-line argument
[Package Manager] UpmClient::Send -- Unable to send message (not connected to UPM process).
[Package Manager] Cannot connect to Unity Package Manager local server
Mono: successfully reloaded assembly
- Finished resetting the current domain, in  3.156 seconds
Domain Reload Profiling: 3777ms
	BeginReloadAssembly (216ms)
		ExecutionOrderSort (0ms)
		DisableScriptedObjects (8ms)
		BackupInstance (0ms)
		ReleaseScriptingObjects (0ms)
		CreateAndSetChildDomain (43ms)
	RebuildCommonClasses (48ms)
	RebuildNativeTypeToScriptingClass (17ms)
	initialDomainReloadingComplete (41ms)
	LoadAllAssembliesAndSetupDomain (298ms)
		LoadAssemblies (400ms)
		RebuildTransferFunctionScriptingTraits (0ms)
		AnalyzeDomain (21ms)
			TypeCache.Refresh (11ms)
				TypeCache.ScanAssembly (0ms)
			ScanForSourceGeneratedMonoScriptInfo (0ms)
			ResolveRequiredComponents (8ms)
	FinalizeReload (3157ms)
		ReleaseScriptCaches (0ms)
		RebuildScriptCaches (0ms)
		SetupLoadedEditorAssemblies (1925ms)
			LogAssemblyErrors (0ms)
			InitializePlatformSupportModulesInManaged (43ms)
			SetLoadedEditorAssemblies (19ms)
			RefreshPlugins (0ms)
			BeforeProcessingInitializeOnLoad (295ms)
			ProcessInitializeOnLoadAttributes (1422ms)
			ProcessInitializeOnLoadMethodAttributes (115ms)
			AfterProcessingInitializeOnLoad (30ms)
			EditorAssembliesLoaded (1ms)
		ExecutionOrderSort2 (0ms)
		AwakeInstancesAfterBackupRestoration (37ms)
Refreshing native plugins compatible for Editor in 6.79 ms, found 3 plugins.
Preloading 0 native plugins for Editor in 0.00 ms.
Unloading 3066 Unused Serialized files (Serialized files now loaded: 0)
Unloading 22 unused Assets / (30.6 KB). Loaded Objects now: 3567.
Memory consumption went from 114.4 MB to 114.3 MB.
Total: 3.800200 ms (FindLiveObjects: 0.281800 ms CreateObjectMapping: 0.337200 ms MarkObjects: 3.129600 ms  DeleteObjects: 0.050700 ms)

Prepare: number of updated asset objects reloaded= 0
AssetImportParameters requested are different than current active one (requested -> active):
  custom:container-demuxer-ogg: 62fdf1f143b41e24485cea50d1cbac27 -> 
  custom:video-decoder-ogg-theora: a1e56fd34408186e4bbccfd4996cb3dc -> 
  custom:framework-win-MediaFoundation: 216162199b28c13a410421893ffa2e32 -> 
  custom:CustomObjectIndexerAttribute: 756ad292c208cfabdd7b50bc23989ffe -> 
  custom:container-demuxer-webm: 4f35f7cbe854078d1ac9338744f61a02 -> 
  custom:container-muxer-webm: aa71ff27fc2769a1b78a27578f13a17b -> 
  custom:video-decoder-webm-vp8: 9c59270c3fd7afecdb556c50c9e8de78 -> 
  custom:SearchIndexIgnoredProperties: e643bd26f0fe6173181afceb89e7c659 -> 
  custom:AudioImporter_EditorPlatform: d09bf68614088b80899f8185d706f6e7 -> 
  custom:video-encoder-webm-vp8: eb34c28f22e8b96e1ab97ce403110664 -> 
  custom:audio-decoder-ogg-vorbis: bf7c407c2cedff20999df2af8eb42d56 -> 
  custom:audio-encoder-webm-vorbis: bf7c407c2cedff20999df2af8eb42d56 -> 
========================================================================
Received Prepare
Begin MonoManager ReloadAssembly
- Loaded All Assemblies, in  0.615 seconds
Refreshing native plugins compatible for Editor in 4.31 ms, found 3 plugins.
Native extension for WindowsStandalone target not found
Native extension for WebGL target not found
[Package Manager] Server::EnsureServerProcessIsRunning -- launch failed, reason: Unity was launched with the -noUpm command-line argument
[Package Manager] UpmClient::Send -- Unable to send message (not connected to UPM process).
[Package Manager] Cannot connect to Unity Package Manager local server
Mono: successfully reloaded assembly
- Finished resetting the current domain, in  2.950 seconds
Domain Reload Profiling: 3563ms
	BeginReloadAssembly (214ms)
		ExecutionOrderSort (0ms)
		DisableScriptedObjects (8ms)
		BackupInstance (0ms)
		ReleaseScriptingObjects (0ms)
		CreateAndSetChildDomain (42ms)
	RebuildCommonClasses (48ms)
	RebuildNativeTypeToScriptingClass (17ms)
	initialDomainReloadingComplete (41ms)
	LoadAllAssembliesAndSetupDomain (291ms)
		LoadAssemblies (397ms)
		RebuildTransferFunctionScriptingTraits (0ms)
		AnalyzeDomain (18ms)
			TypeCache.Refresh (8ms)
				TypeCache.ScanAssembly (0ms)
			ScanForSourceGeneratedMonoScriptInfo (0ms)
			ResolveRequiredComponents (8ms)
	FinalizeReload (2952ms)
		ReleaseScriptCaches (0ms)
		RebuildScriptCaches (0ms)
		SetupLoadedEditorAssemblies (1774ms)
			LogAssemblyErrors (0ms)
			InitializePlatformSupportModulesInManaged (41ms)
			SetLoadedEditorAssemblies (11ms)
			RefreshPlugins (0ms)
			BeforeProcessingInitializeOnLoad (238ms)
			ProcessInitializeOnLoadAttributes (1363ms)
			ProcessInitializeOnLoadMethodAttributes (97ms)
			AfterProcessingInitializeOnLoad (23ms)
			EditorAssembliesLoaded (1ms)
		ExecutionOrderSort2 (0ms)
		AwakeInstancesAfterBackupRestoration (39ms)
Refreshing native plugins compatible for Editor in 4.09 ms, found 3 plugins.
Preloading 0 native plugins for Editor in 0.00 ms.
Unloading 3066 Unused Serialized files (Serialized files now loaded: 0)
Unloading 22 unused Assets / (30.6 KB). Loaded Objects now: 3570.
Memory consumption went from 114.4 MB to 114.3 MB.
Total: 3.854400 ms (FindLiveObjects: 0.291700 ms CreateObjectMapping: 0.247200 ms MarkObjects: 3.265100 ms  DeleteObjects: 0.049400 ms)

Prepare: number of updated asset objects reloaded= 0
AssetImportParameters requested are different than current active one (requested -> active):
  custom:container-demuxer-ogg: 62fdf1f143b41e24485cea50d1cbac27 -> 
  custom:video-decoder-ogg-theora: a1e56fd34408186e4bbccfd4996cb3dc -> 
  custom:framework-win-MediaFoundation: 216162199b28c13a410421893ffa2e32 -> 
  custom:CustomObjectIndexerAttribute: 756ad292c208cfabdd7b50bc23989ffe -> 
  custom:container-demuxer-webm: 4f35f7cbe854078d1ac9338744f61a02 -> 
  custom:container-muxer-webm: aa71ff27fc2769a1b78a27578f13a17b -> 
  custom:video-decoder-webm-vp8: 9c59270c3fd7afecdb556c50c9e8de78 -> 
  custom:SearchIndexIgnoredProperties: e643bd26f0fe6173181afceb89e7c659 -> 
  custom:AudioImporter_EditorPlatform: d09bf68614088b80899f8185d706f6e7 -> 
  custom:video-encoder-webm-vp8: eb34c28f22e8b96e1ab97ce403110664 -> 
  custom:audio-decoder-ogg-vorbis: bf7c407c2cedff20999df2af8eb42d56 -> 
  custom:audio-encoder-webm-vorbis: bf7c407c2cedff20999df2af8eb42d56 -> 
========================================================================
Received Prepare
Begin MonoManager ReloadAssembly
- Loaded All Assemblies, in  0.618 seconds
Refreshing native plugins compatible for Editor in 5.64 ms, found 3 plugins.
Native extension for WindowsStandalone target not found
Native extension for WebGL target not found
[Package Manager] Server::EnsureServerProcessIsRunning -- launch failed, reason: Unity was launched with the -noUpm command-line argument
[Package Manager] UpmClient::Send -- Unable to send message (not connected to UPM process).
[Package Manager] Cannot connect to Unity Package Manager local server
Mono: successfully reloaded assembly
- Finished resetting the current domain, in  3.208 seconds
Domain Reload Profiling: 3822ms
	BeginReloadAssembly (218ms)
		ExecutionOrderSort (0ms)
		DisableScriptedObjects (8ms)
		BackupInstance (0ms)
		ReleaseScriptingObjects (0ms)
		CreateAndSetChildDomain (44ms)
	RebuildCommonClasses (47ms)
	RebuildNativeTypeToScriptingClass (17ms)
	initialDomainReloadingComplete (42ms)
	LoadAllAssembliesAndSetupDomain (290ms)
		LoadAssemblies (400ms)
		RebuildTransferFunctionScriptingTraits (0ms)
		AnalyzeDomain (16ms)
			TypeCache.Refresh (7ms)
				TypeCache.ScanAssembly (0ms)
			ScanForSourceGeneratedMonoScriptInfo (0ms)
			ResolveRequiredComponents (7ms)
	FinalizeReload (3209ms)
		ReleaseScriptCaches (0ms)
		RebuildScriptCaches (0ms)
		SetupLoadedEditorAssemblies (1812ms)
			LogAssemblyErrors (0ms)
			InitializePlatformSupportModulesInManaged (29ms)
			SetLoadedEditorAssemblies (18ms)
			RefreshPlugins (0ms)
			BeforeProcessingInitializeOnLoad (279ms)
			ProcessInitializeOnLoadAttributes (1390ms)
			ProcessInitializeOnLoadMethodAttributes (63ms)
			AfterProcessingInitializeOnLoad (32ms)
			EditorAssembliesLoaded (1ms)
		ExecutionOrderSort2 (0ms)
		AwakeInstancesAfterBackupRestoration (37ms)
Refreshing native plugins compatible for Editor in 16.13 ms, found 3 plugins.
Preloading 0 native plugins for Editor in 0.00 ms.
Unloading 3066 Unused Serialized files (Serialized files now loaded: 0)
Unloading 22 unused Assets / (30.6 KB). Loaded Objects now: 3573.
Memory consumption went from 114.4 MB to 114.3 MB.
Total: 12.142200 ms (FindLiveObjects: 1.033200 ms CreateObjectMapping: 0.488200 ms MarkObjects: 10.356100 ms  DeleteObjects: 0.262100 ms)

Prepare: number of updated asset objects reloaded= 0
AssetImportParameters requested are different than current active one (requested -> active):
  custom:container-demuxer-ogg: 62fdf1f143b41e24485cea50d1cbac27 -> 
  custom:video-decoder-ogg-theora: a1e56fd34408186e4bbccfd4996cb3dc -> 
  custom:framework-win-MediaFoundation: 216162199b28c13a410421893ffa2e32 -> 
  custom:CustomObjectIndexerAttribute: 756ad292c208cfabdd7b50bc23989ffe -> 
  custom:container-demuxer-webm: 4f35f7cbe854078d1ac9338744f61a02 -> 
  custom:container-muxer-webm: aa71ff27fc2769a1b78a27578f13a17b -> 
  custom:video-decoder-webm-vp8: 9c59270c3fd7afecdb556c50c9e8de78 -> 
  custom:SearchIndexIgnoredProperties: e643bd26f0fe6173181afceb89e7c659 -> 
  custom:AudioImporter_EditorPlatform: d09bf68614088b80899f8185d706f6e7 -> 
  custom:video-encoder-webm-vp8: eb34c28f22e8b96e1ab97ce403110664 -> 
  custom:audio-decoder-ogg-vorbis: bf7c407c2cedff20999df2af8eb42d56 -> 
  custom:audio-encoder-webm-vorbis: bf7c407c2cedff20999df2af8eb42d56 -> 
========================================================================
Received Import Request.
  Time since last request: 898.517678 seconds.
  path: Assets/Scenes/MainMenu.unity
  artifactKey: Guid(74a397109f7a8124fbb2a1bb9a999b5a) Importer(815301076,1909f56bfc062723c751e8b465ee728b)
Start importing Assets/Scenes/MainMenu.unity using Guid(74a397109f7a8124fbb2a1bb9a999b5a) Importer(815301076,1909f56bfc062723c751e8b465ee728b)  -> (artifact id: 'dfa12bb49b22a4f5affa279339d62948') in 0.005680 seconds
Number of updated asset objects reloaded before import = 0
Number of asset objects unloaded after import = 0
